
> superfit@0.1.0 build
> next build

▲ Next.js 16.1.6 (Turbopack)

  Creating an optimized production build ...
Error: Can't resolve 'tailwindcss-animate' in 'D:\SuperFIt\superfit\app'
    [2m[at finishWithoutResolve (D:\SuperFIt\superfit\node_modules\enhanced-resolve\lib\Resolver.js:586:18)][0m
    [2m[at D:\SuperFIt\superfit\node_modules\enhanced-resolve\lib\Resolver.js:678:14][0m
    [2m[at D:\SuperFIt\superfit\node_modules\enhanced-resolve\lib\Resolver.js:739:5][0m
    [2m[at eval (eval at create (D:\SuperFIt\superfit\node_modules\tapable\lib\HookCodeFactory.js:31:10), <anonymous>:15:1)][0m
    [2m[at D:\SuperFIt\superfit\node_modules\enhanced-resolve\lib\Resolver.js:739:5][0m
    [2m[at eval (eval at create (D:\SuperFIt\superfit\node_modules\tapable\lib\HookCodeFactory.js:31:10), <anonymous>:27:1)][0m
    [2m[at D:\SuperFIt\superfit\node_modules\enhanced-resolve\lib\DescriptionFilePlugin.js:89:43][0m
    [2m[at D:\SuperFIt\superfit\node_modules\enhanced-resolve\lib\Resolver.js:739:5][0m
    [2m[at eval (eval at create (D:\SuperFIt\superfit\node_modules\tapable\lib\HookCodeFactory.js:31:10), <anonymous>:15:1)][0m
    [2m[at D:\SuperFIt\superfit\node_modules\enhanced-resolve\lib\Resolver.js:739:5][0m {
  details: "resolve 'tailwindcss-animate' in 'D:\\SuperFIt\\superfit\\app'\n" +
    '  Parsed request is a module\n' +
    '  using description file: D:\\SuperFIt\\superfit\\package.json (relative path: ./app)\n' +
    '    resolve as module\n' +
    "      D:\\SuperFIt\\superfit\\app\\node_modules doesn't exist or is not a directory\n" +
    '      looking for modules in D:\\SuperFIt\\superfit\\node_modules\n' +
    '        single file module\n' +
    '          using description file: D:\\SuperFIt\\superfit\\package.json (relative path: ./node_modules/tailwindcss-animate)\n' +
    '            no extension\n' +
    "              D:\\SuperFIt\\superfit\\node_modules\\tailwindcss-animate doesn't exist\n" +
    '            .js\n' +
    "              D:\\SuperFIt\\superfit\\node_modules\\tailwindcss-animate.js doesn't exist\n" +
    '            .json\n' +
    "              D:\\SuperFIt\\superfit\\node_modules\\tailwindcss-animate.json doesn't exist\n" +
    '            .node\n' +
    "              D:\\SuperFIt\\superfit\\node_modules\\tailwindcss-animate.node doesn't exist\n" +
    '            .ts\n' +
    "              D:\\SuperFIt\\superfit\\node_modules\\tailwindcss-animate.ts doesn't exist\n" +
    "        D:\\SuperFIt\\superfit\\node_modules\\tailwindcss-animate doesn't exist\n" +
    "      D:\\SuperFIt\\node_modules doesn't exist or is not a directory\n" +
    "      D:\\node_modules doesn't exist or is not a directory"
}

> Build error occurred
Error: Turbopack build failed with 1 errors:
./app/globals.css
Error evaluating Node.js code
CssSyntaxError: tailwindcss: D:\SuperFIt\superfit\app\globals.css:1:1: Can't resolve 'tailwindcss-animate' in 'D:\SuperFIt\superfit\app'
    at Input.error (node_modules/postcss/lib/input.js:135:16) [D:\SuperFIt\superfit\.next\build\chunks\node_modules_fe693df6._.js:4651:22]
    at Root.error (node_modules/postcss/lib/node.js:146:32) [D:\SuperFIt\superfit\.next\build\chunks\node_modules_fe693df6._.js:928:38]
    [at Object.Once (D:\SuperFIt\superfit\node_modules\@tailwindcss\postcss\dist\index.js:10:6913)]
    at async LazyResult.runAsync (node_modules/postcss/lib/lazy-result.js:293:11) [D:\SuperFIt\superfit\.next\build\chunks\node_modules_fe693df6._.js:6214:21]
    at async transform (turbopack:///[turbopack-node]/transforms/postcss.ts:70:34) [D:\SuperFIt\superfit\.next\build\chunks\[root-of-the-server]__51225daf._.js:146:36]
    at async run (turbopack:///[turbopack-node]/ipc/evaluate.ts:92:23) [D:\SuperFIt\superfit\.next\build\chunks\[root-of-the-server]__974941ed._.js:443:31]

Import trace:
  Client Component Browser:
    ./app/globals.css [Client Component Browser]
    ./app/layout.tsx [Server Component]


    at async transform (turbopack:///[turbopack-node]/transforms/postcss.ts:70:34) [D:\SuperFIt\superfit\.next\build\chunks\[root-of-the-server]__51225daf._.js:146:36])
    at async run (turbopack:///[turbopack-node]/ipc/evaluate.ts:92:23) [D:\SuperFIt\superfit\.next\build\chunks\[root-of-the-server]__974941ed._.js:443:31])
